0 info it worked if it ends with ok
1 verbose cli [ 'node',
1 verbose cli   '/home/jonathan/.node/bin/npm',
1 verbose cli   'owner',
1 verbose cli   'ls',
1 verbose cli   'prog_check' ]
2 info using npm@2.10.0
3 info using node@v0.10.35
4 silly mapToRegistry name prog_check
5 silly mapToRegistry using default registry
6 silly mapToRegistry registry https://registry.npmjs.org/
7 silly mapToRegistry uri https://registry.npmjs.org/prog_check
8 verbose request uri https://registry.npmjs.org/prog_check
9 verbose request no auth needed
10 info attempt registry request try #1 at 12:07:46
11 verbose request id bfa22db46a6dd42e
12 http request GET https://registry.npmjs.org/prog_check
13 http 404 https://registry.npmjs.org/prog_check
14 verbose headers { 'content-type': 'application/json',
14 verbose headers   'cache-control': 'max-age=0',
14 verbose headers   'content-length': '2',
14 verbose headers   'accept-ranges': 'bytes',
14 verbose headers   date: 'Sat, 26 Sep 2015 19:07:47 GMT',
14 verbose headers   via: '1.1 varnish',
14 verbose headers   age: '0',
14 verbose headers   connection: 'keep-alive',
14 verbose headers   'x-served-by': 'cache-sjc3134-SJC',
14 verbose headers   'x-cache': 'MISS',
14 verbose headers   'x-cache-hits': '0',
14 verbose headers   'x-timer': 'S1443294467.213687,VS0,VE88' }
15 silly get cb [ 404,
15 silly get   { 'content-type': 'application/json',
15 silly get     'cache-control': 'max-age=0',
15 silly get     'content-length': '2',
15 silly get     'accept-ranges': 'bytes',
15 silly get     date: 'Sat, 26 Sep 2015 19:07:47 GMT',
15 silly get     via: '1.1 varnish',
15 silly get     age: '0',
15 silly get     connection: 'keep-alive',
15 silly get     'x-served-by': 'cache-sjc3134-SJC',
15 silly get     'x-cache': 'MISS',
15 silly get     'x-cache-hits': '0',
15 silly get     'x-timer': 'S1443294467.213687,VS0,VE88' } ]
16 error owner ls Couldn't get owner data prog_check
17 verbose stack Error: Registry returned 404 for GET on https://registry.npmjs.org/prog_check
17 verbose stack     at CachingRegistryClient.<anonymous> (/home/jonathan/.node/lib/node_modules/npm/node_modules/npm-registry-client/lib/request.js:239:14)
17 verbose stack     at Request._callback (/home/jonathan/.node/lib/node_modules/npm/node_modules/npm-registry-client/lib/request.js:170:14)
17 verbose stack     at Request.self.callback (/home/jonathan/.node/lib/node_modules/npm/node_modules/request/request.js:368:22)
17 verbose stack     at Request.emit (events.js:98:17)
17 verbose stack     at Request.<anonymous> (/home/jonathan/.node/lib/node_modules/npm/node_modules/request/request.js:1219:14)
17 verbose stack     at Request.emit (events.js:117:20)
17 verbose stack     at IncomingMessage.<anonymous> (/home/jonathan/.node/lib/node_modules/npm/node_modules/request/request.js:1167:12)
17 verbose stack     at IncomingMessage.emit (events.js:117:20)
17 verbose stack     at _stream_readable.js:944:16
17 verbose stack     at process._tickCallback (node.js:442:13)
18 verbose statusCode 404
19 verbose pkgid prog_check
20 verbose cwd /home/jonathan/code/projects/prog_check
21 error Linux 3.16.0-44-generic
22 error argv "node" "/home/jonathan/.node/bin/npm" "owner" "ls" "prog_check"
23 error node v0.10.35
24 error npm  v2.10.0
25 error code E404
26 error 404 Registry returned 404 for GET on https://registry.npmjs.org/prog_check
26 error 404
26 error 404 'prog_check' is not in the npm registry.
26 error 404 You should bug the author to publish it (or use the name yourself!)
26 error 404
26 error 404 Note that you can also install from a
26 error 404 tarball, folder, http url, or git url.
27 verbose exit [ 1, true ]
